<?xml version="1.0" encoding="UTF-8"?>
<coverage generated="1606154759641" clover="3.2.0">
  <project timestamp="1606154759641" name="All files">
    <metrics statements="25" coveredstatements="20" conditionals="23" coveredconditionals="16" methods="11" coveredmethods="9" elements="59" coveredelements="45" complexity="0" loc="25" ncloc="25" packages="1" files="1" classes="1"/>
    <file name="Genre.js" path="C:\Users\jingj\Desktop\GitHub\movie-search-app\client\src\containers\GenrePage\Genre.js">
      <metrics statements="25" coveredstatements="20" conditionals="23" coveredconditionals="16" methods="11" coveredmethods="9"/>
      <line num="13" count="6" type="stmt"/>
      <line num="25" count="6" type="stmt"/>
      <line num="26" count="3" type="stmt"/>
      <line num="27" count="1" type="stmt"/>
      <line num="33" count="1" type="stmt"/>
      <line num="35" count="2" type="stmt"/>
      <line num="43" count="6" type="stmt"/>
      <line num="44" count="1" type="stmt"/>
      <line num="45" count="1" type="stmt"/>
      <line num="52" count="0" type="stmt"/>
      <line num="57" count="1" type="stmt"/>
      <line num="62" count="6" type="cond" truecount="2" falsecount="0"/>
      <line num="63" count="4" type="stmt"/>
      <line num="65" count="2" type="stmt"/>
      <line num="70" count="10" type="cond" truecount="3" falsecount="0"/>
      <line num="74" count="4" type="cond" truecount="1" falsecount="1"/>
      <line num="75" count="0" type="cond" truecount="0" falsecount="2"/>
      <line num="76" count="0" type="stmt"/>
      <line num="78" count="0" type="stmt"/>
      <line num="85" count="13" type="cond" truecount="2" falsecount="0"/>
      <line num="86" count="2" type="stmt"/>
      <line num="88" count="11" type="cond" truecount="2" falsecount="0"/>
      <line num="89" count="7" type="stmt"/>
      <line num="92" count="4" type="stmt"/>
      <line num="96" count="0" type="stmt"/>
    </file>
  </project>
</coverage>
