{"C:\\Users\\jingj\\Desktop\\GitHub\\movie-search-app\\client\\src\\containers\\GenrePage\\Genre.js": {"path":"C:\\Users\\jingj\\Desktop\\GitHub\\movie-search-app\\client\\src\\containers\\GenrePage\\Genre.js","statementMap":{"0":{"start":{"line":13,"column":12},"end":{"line":22,"column":5}},"1":{"start":{"line":25,"column":22},"end":{"line":40,"column":5}},"2":{"start":{"line":26,"column":8},"end":{"line":39,"column":10}},"3":{"start":{"line":27,"column":12},"end":{"line":32,"column":14}},"4":{"start":{"line":33,"column":12},"end":{"line":33,"column":34}},"5":{"start":{"line":35,"column":12},"end":{"line":38,"column":14}},"6":{"start":{"line":43,"column":19},"end":{"line":58,"column":5}},"7":{"start":{"line":44,"column":8},"end":{"line":56,"column":10}},"8":{"start":{"line":45,"column":12},"end":{"line":50,"column":14}},"9":{"start":{"line":52,"column":12},"end":{"line":55,"column":14}},"10":{"start":{"line":57,"column":8},"end":{"line":57,"column":30}},"11":{"start":{"line":62,"column":8},"end":{"line":65,"column":32}},"12":{"start":{"line":63,"column":12},"end":{"line":63,"column":35}},"13":{"start":{"line":65,"column":12},"end":{"line":65,"column":32}},"14":{"start":{"line":70,"column":8},"end":{"line":70,"column":125}},"15":{"start":{"line":74,"column":8},"end":{"line":78,"column":36}},"16":{"start":{"line":75,"column":12},"end":{"line":78,"column":36}},"17":{"start":{"line":76,"column":16},"end":{"line":76,"column":39}},"18":{"start":{"line":78,"column":16},"end":{"line":78,"column":36}},"19":{"start":{"line":85,"column":8},"end":{"line":90,"column":9}},"20":{"start":{"line":86,"column":12},"end":{"line":86,"column":55}},"21":{"start":{"line":88,"column":13},"end":{"line":90,"column":9}},"22":{"start":{"line":89,"column":12},"end":{"line":89,"column":29}},"23":{"start":{"line":92,"column":8},"end":{"line":98,"column":9}},"24":{"start":{"line":96,"column":120},"end":{"line":96,"column":139}}},"fnMap":{"0":{"name":"(anonymous_0)","decl":{"start":{"line":25,"column":22},"end":{"line":25,"column":23}},"loc":{"start":{"line":25,"column":26},"end":{"line":40,"column":5}},"line":25},"1":{"name":"(anonymous_1)","decl":{"start":{"line":26,"column":137},"end":{"line":26,"column":138}},"loc":{"start":{"line":26,"column":148},"end":{"line":34,"column":9}},"line":26},"2":{"name":"(anonymous_2)","decl":{"start":{"line":34,"column":17},"end":{"line":34,"column":18}},"loc":{"start":{"line":34,"column":26},"end":{"line":39,"column":9}},"line":34},"3":{"name":"(anonymous_3)","decl":{"start":{"line":43,"column":19},"end":{"line":43,"column":20}},"loc":{"start":{"line":43,"column":23},"end":{"line":58,"column":5}},"line":43},"4":{"name":"(anonymous_4)","decl":{"start":{"line":44,"column":90},"end":{"line":44,"column":91}},"loc":{"start":{"line":44,"column":101},"end":{"line":51,"column":9}},"line":44},"5":{"name":"(anonymous_5)","decl":{"start":{"line":51,"column":17},"end":{"line":51,"column":18}},"loc":{"start":{"line":51,"column":26},"end":{"line":56,"column":9}},"line":51},"6":{"name":"(anonymous_6)","decl":{"start":{"line":61,"column":4},"end":{"line":61,"column":5}},"loc":{"start":{"line":61,"column":23},"end":{"line":66,"column":5}},"line":61},"7":{"name":"(anonymous_7)","decl":{"start":{"line":69,"column":4},"end":{"line":69,"column":5}},"loc":{"start":{"line":69,"column":47},"end":{"line":71,"column":5}},"line":69},"8":{"name":"(anonymous_8)","decl":{"start":{"line":73,"column":4},"end":{"line":73,"column":5}},"loc":{"start":{"line":73,"column":44},"end":{"line":79,"column":5}},"line":73},"9":{"name":"(anonymous_9)","decl":{"start":{"line":81,"column":4},"end":{"line":81,"column":5}},"loc":{"start":{"line":81,"column":12},"end":{"line":99,"column":5}},"line":81},"10":{"name":"(anonymous_10)","decl":{"start":{"line":96,"column":112},"end":{"line":96,"column":113}},"loc":{"start":{"line":96,"column":119},"end":{"line":96,"column":140}},"line":96}},"branchMap":{"0":{"loc":{"start":{"line":30,"column":26},"end":{"line":30,"column":87}},"type":"cond-expr","locations":[{"start":{"line":30,"column":76},"end":{"line":30,"column":80}},{"start":{"line":30,"column":82},"end":{"line":30,"column":87}}],"line":30},"1":{"loc":{"start":{"line":36,"column":26},"end":{"line":36,"column":102}},"type":"cond-expr","locations":[{"start":{"line":36,"column":47},"end":{"line":36,"column":75}},{"start":{"line":36,"column":77},"end":{"line":36,"column":102}}],"line":36},"2":{"loc":{"start":{"line":48,"column":26},"end":{"line":48,"column":87}},"type":"cond-expr","locations":[{"start":{"line":48,"column":76},"end":{"line":48,"column":80}},{"start":{"line":48,"column":82},"end":{"line":48,"column":87}}],"line":48},"3":{"loc":{"start":{"line":53,"column":26},"end":{"line":53,"column":102}},"type":"cond-expr","locations":[{"start":{"line":53,"column":47},"end":{"line":53,"column":75}},{"start":{"line":53,"column":77},"end":{"line":53,"column":102}}],"line":53},"4":{"loc":{"start":{"line":62,"column":8},"end":{"line":65,"column":32}},"type":"if","locations":[{"start":{"line":62,"column":8},"end":{"line":65,"column":32}},{"start":{"line":62,"column":8},"end":{"line":65,"column":32}}],"line":62},"5":{"loc":{"start":{"line":70,"column":15},"end":{"line":70,"column":125}},"type":"binary-expr","locations":[{"start":{"line":70,"column":15},"end":{"line":70,"column":43}},{"start":{"line":70,"column":47},"end":{"line":70,"column":85}},{"start":{"line":70,"column":89},"end":{"line":70,"column":124}}],"line":70},"6":{"loc":{"start":{"line":74,"column":8},"end":{"line":78,"column":36}},"type":"if","locations":[{"start":{"line":74,"column":8},"end":{"line":78,"column":36}},{"start":{"line":74,"column":8},"end":{"line":78,"column":36}}],"line":74},"7":{"loc":{"start":{"line":75,"column":12},"end":{"line":78,"column":36}},"type":"if","locations":[{"start":{"line":75,"column":12},"end":{"line":78,"column":36}},{"start":{"line":75,"column":12},"end":{"line":78,"column":36}}],"line":75},"8":{"loc":{"start":{"line":85,"column":8},"end":{"line":90,"column":9}},"type":"if","locations":[{"start":{"line":85,"column":8},"end":{"line":90,"column":9}},{"start":{"line":85,"column":8},"end":{"line":90,"column":9}}],"line":85},"9":{"loc":{"start":{"line":88,"column":13},"end":{"line":90,"column":9}},"type":"if","locations":[{"start":{"line":88,"column":13},"end":{"line":90,"column":9}},{"start":{"line":88,"column":13},"end":{"line":90,"column":9}}],"line":88},"10":{"loc":{"start":{"line":95,"column":40},"end":{"line":95,"column":116}},"type":"cond-expr","locations":[{"start":{"line":95,"column":71},"end":{"line":95,"column":100}},{"start":{"line":95,"column":103},"end":{"line":95,"column":116}}],"line":95}},"s":{"0":6,"1":6,"2":3,"3":1,"4":1,"5":2,"6":6,"7":1,"8":1,"9":0,"10":1,"11":6,"12":4,"13":2,"14":10,"15":4,"16":0,"17":0,"18":0,"19":13,"20":2,"21":11,"22":7,"23":4,"24":0},"f":{"0":3,"1":1,"2":2,"3":1,"4":1,"5":0,"6":6,"7":10,"8":4,"9":13,"10":0},"b":{"0":[0,1],"1":[1,1],"2":[0,1],"3":[0,0],"4":[4,2],"5":[10,9,3],"6":[0,4],"7":[0,0],"8":[2,11],"9":[7,4],"10":[2,2]},"_coverageSchema":"1a1c01bbd47fc00a2c39e90264f33305004495a9","hash":"65b7cb22675a3cf4f7a9cca83f92e48e71fc00c9"}
}
