TN:
SF:src\containers\GenrePage\Genre.js
FN:25,(anonymous_0)
FN:26,(anonymous_1)
FN:34,(anonymous_2)
FN:43,(anonymous_3)
FN:44,(anonymous_4)
FN:51,(anonymous_5)
FN:61,(anonymous_6)
FN:69,(anonymous_7)
FN:73,(anonymous_8)
FN:81,(anonymous_9)
FN:96,(anonymous_10)
FNF:11
FNH:9
FNDA:3,(anonymous_0)
FNDA:1,(anonymous_1)
FNDA:2,(anonymous_2)
FNDA:1,(anonymous_3)
FNDA:1,(anonymous_4)
FNDA:0,(anonymous_5)
FNDA:6,(anonymous_6)
FNDA:10,(anonymous_7)
FNDA:4,(anonymous_8)
FNDA:13,(anonymous_9)
FNDA:0,(anonymous_10)
DA:13,6
DA:25,6
DA:26,3
DA:27,1
DA:33,1
DA:35,2
DA:43,6
DA:44,1
DA:45,1
DA:52,0
DA:57,1
DA:62,6
DA:63,4
DA:65,2
DA:70,10
DA:74,4
DA:75,0
DA:76,0
DA:78,0
DA:85,13
DA:86,2
DA:88,11
DA:89,7
DA:92,4
DA:96,0
LF:25
LH:20
BRDA:30,0,0,0
BRDA:30,0,1,1
BRDA:36,1,0,1
BRDA:36,1,1,1
BRDA:48,2,0,0
BRDA:48,2,1,1
BRDA:53,3,0,0
BRDA:53,3,1,0
BRDA:62,4,0,4
BRDA:62,4,1,2
BRDA:70,5,0,10
BRDA:70,5,1,9
BRDA:70,5,2,3
BRDA:74,6,0,0
BRDA:74,6,1,4
BRDA:75,7,0,0
BRDA:75,7,1,0
BRDA:85,8,0,2
BRDA:85,8,1,11
BRDA:88,9,0,7
BRDA:88,9,1,4
BRDA:95,10,0,2
BRDA:95,10,1,2
BRF:23
BRH:16
end_of_record
